<?xml version="1.0" encoding="UTF-8"?>
<!-- Generated by org.testng.reporters.JUnitReportReporter -->
<testsuite hostname="DESKTOP-TDJDA57" failures="0" tests="4" name="testCase.TC_003_LogindatadrivenTest" time="34.641" errors="0" timestamp="2024-05-11T11:09:01 IST" skipped="0">
  <testcase classname="testCase.TC_003_LogindatadrivenTest" name="verify_login" time="1.475"/>
  <testcase classname="testCase.TC_003_LogindatadrivenTest" name="verify_login" time="11.323"/>
  <testcase classname="testCase.TC_003_LogindatadrivenTest" name="verify_login" time="10.951"/>
  <testcase classname="testCase.TC_003_LogindatadrivenTest" name="verify_login" time="10.892"/>
</testsuite> <!-- testCase.TC_003_LogindatadrivenTest -->
