<?xml version="1.0" encoding="UTF-8"?>
<!-- Generated by org.testng.reporters.JUnitReportReporter -->
<testsuite hostname="DESKTOP-TDJDA57" failures="0" tests="1" name="testCase.TC_001_RegistrationTest" time="6.096" errors="0" timestamp="2024-05-11T11:09:01 IST" skipped="0">
  <testcase classname="testCase.TC_001_RegistrationTest" name="verify_account_registration" time="6.096"/>
</testsuite> <!-- testCase.TC_001_RegistrationTest -->
