<?xml version="1.0" encoding="UTF-8"?>
<!-- Generated by org.testng.reporters.JUnitReportReporter -->
<testsuite hostname="DESKTOP-TDJDA57" failures="0" tests="1" name="testCase.TC_004_SearchboxTest" time="0.211" errors="0" timestamp="2024-05-12T18:17:51 IST" skipped="0">
  <testcase classname="testCase.TC_004_SearchboxTest" name="verify_search_box" time="0.211"/>
</testsuite> <!-- testCase.TC_004_SearchboxTest -->
