<?xml version="1.0" encoding="UTF-8"?>
<!-- Generated by org.testng.reporters.JUnitReportReporter -->
<testsuite hostname="DESKTOP-TDJDA57" failures="0" tests="4" name="testCase.TC_003_LogindatadrivenTest" time="35.356" errors="0" timestamp="2024-05-11T19:25:55 IST" skipped="0">
  <testcase classname="testCase.TC_003_LogindatadrivenTest" name="verify_login" time="11.110"/>
  <testcase classname="testCase.TC_003_LogindatadrivenTest" name="verify_login" time="11.603"/>
  <testcase classname="testCase.TC_003_LogindatadrivenTest" name="verify_login" time="1.542"/>
  <testcase classname="testCase.TC_003_LogindatadrivenTest" name="verify_login" time="11.101"/>
</testsuite> <!-- testCase.TC_003_LogindatadrivenTest -->
