<?xml version="1.0" encoding="UTF-8"?>
<!-- Generated by org.testng.reporters.JUnitReportReporter -->
<testsuite hostname="DESKTOP-TDJDA57" failures="0" tests="1" name="testCase.TC_002_LoginTest" time="2.075" errors="0" timestamp="2024-05-11T19:25:55 IST" skipped="0">
  <testcase classname="testCase.TC_002_LoginTest" name="verify_login" time="2.075"/>
</testsuite> <!-- testCase.TC_002_LoginTest -->
